Wed May 28 2014 01:39:48 GMT-0700 (PDT):
{ [Error: Unable to locate site named allsaprk]
  stack: [Getter/Setter],
  __frame: 
   { name: 'lookupSiteNameAndWebSpace__18',
     line: 821,
     file: '/usr/local/lib/node_modules/azure-cli/lib/commands/websites/websitesclient._js',
     prev: 
      { name: 'ensureRepositoryUri__15',
        line: 750,
        file: '/usr/local/lib/node_modules/azure-cli/lib/commands/websites/websitesclient._js',
        prev: [Object],
        active: false,
        offset: 3,
        col: 19 },
     active: false,
     offset: 12,
     col: 4 },
  rawStack: [Getter] }
Error: Unable to locate site named allsaprk
    at ___ (/usr/local/lib/node_modules/azure-cli/lib/commands/websites/websitesclient._js:817:20)
    at ___ (/usr/local/lib/node_modules/azure-cli/node_modules/streamline/lib/callbacks/runtime.js:85:13)
    at ___ (/usr/local/lib/node_modules/azure-cli/lib/commands/websites/websitesclient._js:460:131)
    at __tryCatch (/usr/local/lib/node_modules/azure-cli/node_modules/streamline/lib/callbacks/runtime.js:141:4)
    at ___ (/usr/local/lib/node_modules/azure-cli/lib/commands/websites/websitesclient._js:460:67)
    at getSites__6 (/usr/local/lib/node_modules/azure-cli/lib/commands/websites/websitesclient._js:460:33)
    at lookupSiteNameAndWebSpace__18 (/usr/local/lib/node_modules/azure-cli/lib/commands/websites/websitesclient._js:833:4)
    at ensureRepositoryUri__15 (/usr/local/lib/node_modules/azure-cli/lib/commands/websites/websitesclient._js:753:19)
    at __2 (/usr/local/lib/node_modules/azure-cli/lib/commands/site.log._js:93:26)

